<?xml version="1.0" encoding="UTF-8"?>
<robot generator="Robot 6.0 (Python 3.9.6 on darwin)" generated="20230914 00:10:49.489" rpa="false" schemaversion="3">
<suite id="s1" name="Image Comparison" source="/Users/alvaro/Documents/hotglue/playwright/image_comparison.robot">
<test id="s1-t1" name="Prueba Compare Images using" line="13">
<kw name="CompareImagesExample">
<arg>${link}</arg>
<arg>${locator}</arg>
<doc>Comparando Imagenes</doc>
<msg timestamp="20230914 00:10:54.026" level="FAIL">Variable '${link}' not found.</msg>
<status status="FAIL" starttime="20230914 00:10:54.025" endtime="20230914 00:10:54.026"/>
</kw>
<status status="FAIL" starttime="20230914 00:10:54.025" endtime="20230914 00:10:54.026">Variable '${link}' not found.</status>
</test>
<doc>Practica Compare Images</doc>
<status status="FAIL" starttime="20230914 00:10:49.490" endtime="20230914 00:10:54.026"/>
</suite>
<statistics>
<total>
<stat pass="0" fail="1" skip="0">All Tests</stat>
</total>
<tag>
</tag>
<suite>
<stat pass="0" fail="1" skip="0" id="s1" name="Image Comparison">Image Comparison</stat>
</suite>
</statistics>
<errors>
<msg timestamp="20230914 00:10:54.022" level="ERROR">[ DataDriver ] Error in robot file:
  File "/Users/alvaro/Documents/hotglue/playwright/image_comparison.robot", line 0</msg>
<msg timestamp="20230914 00:10:54.022" level="ERROR">In source file:
  File "Data1.xlsx", line 0</msg>
<msg timestamp="20230914 00:10:54.024" level="ERROR">Calling method '_start_suite' of listener 'DataDriver' failed: AttributeError: module 'numpy' has no attribute 'float'.
`np.float` was a deprecated alias for the builtin `float`. To avoid this error in existing code, use `float` by itself. Doing this will not modify any behavior and is safe. If you specifically wanted the numpy scalar type, use `np.float64` here.
The aliases was originally deprecated in NumPy 1.20; for more details and guidance see the original release note at:
    https://numpy.org/devdocs/release/1.20.0-notes.html#deprecations</msg>
</errors>
</robot>
